<?xml version="1.0" encoding="UTF-8"?>
<testng-results skipped="7" failed="0" total="7" passed="0">
  <reporter-output>
  </reporter-output>
  <suite name="Surefire suite" duration-ms="51" started-at="2020-04-26T12:12:49Z" finished-at="2020-04-26T12:12:49Z">
    <groups>
    </groups>
    <test name="Surefire test" duration-ms="51" started-at="2020-04-26T12:12:49Z" finished-at="2020-04-26T12:12:49Z">
      <class name="org.justanswer.TestScenario3">
        <test-method status="SKIP" signature="questionScenario()[pri:0, instance:org.justanswer.TestScenario3@3e6fa38a]" name="questionScenario" duration-ms="0" started-at="2020-04-26T17:42:49Z" finished-at="2020-04-26T17:42:49Z">
          <reporter-output>
          </reporter-output>
        </test-method> <!-- questionScenario -->
        <test-method status="SKIP" signature="tearDown()[pri:0, instance:org.justanswer.TestScenario3@3e6fa38a]" name="tearDown" is-config="true" duration-ms="0" started-at="2020-04-26T17:42:49Z" finished-at="2020-04-26T17:42:49Z">
          <reporter-output>
          </reporter-output>
        </test-method> <!-- tearDown -->
      </class> <!-- org.justanswer.TestScenario3 -->
      <class name="org.justanswer.TestJustAnswer">
        <test-method status="FAIL" signature="setup()[pri:0, instance:org.justanswer.TestJustAnswer@47c62251]" name="setup" is-config="true" duration-ms="0" started-at="2020-04-26T17:42:40Z" finished-at="2020-04-26T17:42:40Z">
          <exception class="org.openqa.selenium.WebDriverException">
            <message>
              <![CDATA[unknown error: cannot determine loading status
from unknown error: cannot determine loading status
from disconnected: received Inspector.detached event
  (Session info: chrome=81.0.4044.122)
Build info: version: '3.8.1', revision: '6e95a6684b', time: '2017-12-01T18:33:54.468Z'
System info: host: 'LAPTOP-7IJ4EHTF', ip: '192.168.43.124', os.name: 'Windows 10', os.arch: 'amd64', os.version: '10.0', java.version: '1.8.0_202'
Driver info: org.openqa.selenium.chrome.ChromeDriver
Capabilities {acceptInsecureCerts: false, browserName: chrome, browserVersion: 81.0.4044.122, chrome: {chromedriverVersion: 81.0.4044.20 (f006328e39a97..., userDataDir: C:\Users\ril\AppData\Local\...}, goog:chromeOptions: {debuggerAddress: localhost:51464}, javascriptEnabled: true, networkConnectionEnabled: false, pageLoadStrategy: normal, platform: WINDOWS, platformName: WINDOWS, proxy: Proxy(), setWindowRect: true, strictFileInteractability: false, timeouts: {implicit: 0, pageLoad: 300000, script: 30000}, unhandledPromptBehavior: dismiss and notify, webauthn:virtualAuthenticators: true}
Session ID: 1b871547caadae79f2052f13c97bc810]]>
            </message>
            <full-stacktrace>
              <![CDATA[org.openqa.selenium.WebDriverException: unknown error: cannot determine loading status
from unknown error: cannot determine loading status
from disconnected: received Inspector.detached event
  (Session info: chrome=81.0.4044.122)
Build info: version: '3.8.1', revision: '6e95a6684b', time: '2017-12-01T18:33:54.468Z'
System info: host: 'LAPTOP-7IJ4EHTF', ip: '192.168.43.124', os.name: 'Windows 10', os.arch: 'amd64', os.version: '10.0', java.version: '1.8.0_202'
Driver info: org.openqa.selenium.chrome.ChromeDriver
Capabilities {acceptInsecureCerts: false, browserName: chrome, browserVersion: 81.0.4044.122, chrome: {chromedriverVersion: 81.0.4044.20 (f006328e39a97..., userDataDir: C:\Users\ril\AppData\Local\...}, goog:chromeOptions: {debuggerAddress: localhost:51464}, javascriptEnabled: true, networkConnectionEnabled: false, pageLoadStrategy: normal, platform: WINDOWS, platformName: WINDOWS, proxy: Proxy(), setWindowRect: true, strictFileInteractability: false, timeouts: {implicit: 0, pageLoad: 300000, script: 30000}, unhandledPromptBehavior: dismiss and notify, webauthn:virtualAuthenticators: true}
Session ID: 1b871547caadae79f2052f13c97bc810
	at sun.reflect.NativeConstructorAccessorImpl.newInstance0(Native Method)
	at sun.reflect.NativeConstructorAccessorImpl.newInstance(NativeConstructorAccessorImpl.java:62)
	at sun.reflect.DelegatingConstructorAccessorImpl.newInstance(DelegatingConstructorAccessorImpl.java:45)
	at java.lang.reflect.Constructor.newInstance(Constructor.java:423)
	at org.openqa.selenium.remote.http.W3CHttpResponseCodec.createException(W3CHttpResponseCodec.java:187)
	at org.openqa.selenium.remote.http.W3CHttpResponseCodec.decode(W3CHttpResponseCodec.java:122)
	at org.openqa.selenium.remote.http.W3CHttpResponseCodec.decode(W3CHttpResponseCodec.java:49)
	at org.openqa.selenium.remote.HttpCommandExecutor.execute(HttpCommandExecutor.java:164)
	at org.openqa.selenium.remote.service.DriverCommandExecutor.execute(DriverCommandExecutor.java:83)
	at org.openqa.selenium.remote.RemoteWebDriver.execute(RemoteWebDriver.java:601)
	at org.openqa.selenium.remote.RemoteWebDriver.get(RemoteWebDriver.java:325)
	at base.BaseTest.setup(BaseTest.java:50)
	at sun.reflect.NativeMethodAccessorImpl.invoke0(Native Method)
	at sun.reflect.NativeMethodAccessorImpl.invoke(NativeMethodAccessorImpl.java:62)
	at sun.reflect.DelegatingMethodAccessorImpl.invoke(DelegatingMethodAccessorImpl.java:43)
	at java.lang.reflect.Method.invoke(Method.java:498)
	at org.testng.internal.MethodInvocationHelper.invokeMethod(MethodInvocationHelper.java:86)
	at org.testng.internal.Invoker.invokeConfigurationMethod(Invoker.java:514)
	at org.testng.internal.Invoker.invokeConfigurations(Invoker.java:215)
	at org.testng.internal.Invoker.invokeConfigurations(Invoker.java:142)
	at org.testng.SuiteRunner.privateRun(SuiteRunner.java:305)
	at org.testng.SuiteRunner.run(SuiteRunner.java:268)
	at org.testng.SuiteRunnerWorker.runSuite(SuiteRunnerWorker.java:52)
	at org.testng.SuiteRunnerWorker.run(SuiteRunnerWorker.java:86)
	at org.testng.TestNG.runSuitesSequentially(TestNG.java:1244)
	at org.testng.TestNG.runSuitesLocally(TestNG.java:1169)
	at org.testng.TestNG.run(TestNG.java:1064)
	at org.apache.maven.surefire.testng.TestNGExecutor.run(TestNGExecutor.java:135)
	at org.apache.maven.surefire.testng.TestNGDirectoryTestSuite.executeMulti(TestNGDirectoryTestSuite.java:193)
	at org.apache.maven.surefire.testng.TestNGDirectoryTestSuite.execute(TestNGDirectoryTestSuite.java:94)
	at org.apache.maven.surefire.testng.TestNGProvider.invoke(TestNGProvider.java:146)
	at org.apache.maven.surefire.booter.ForkedBooter.invokeProviderInSameClassLoader(ForkedBooter.java:384)
	at org.apache.maven.surefire.booter.ForkedBooter.runSuitesInProcess(ForkedBooter.java:345)
	at org.apache.maven.surefire.booter.ForkedBooter.execute(ForkedBooter.java:126)
	at org.apache.maven.surefire.booter.ForkedBooter.main(ForkedBooter.java:418)
]]>
            </full-stacktrace>
          </exception> <!-- org.openqa.selenium.WebDriverException -->
          <reporter-output>
          </reporter-output>
        </test-method> <!-- setup -->
        <test-method status="SKIP" signature="createDriver()[pri:0, instance:org.justanswer.TestScenario3@3e6fa38a]" name="createDriver" is-config="true" duration-ms="0" started-at="2020-04-26T17:42:49Z" finished-at="2020-04-26T17:42:49Z">
          <reporter-output>
          </reporter-output>
        </test-method> <!-- createDriver -->
        <test-method status="SKIP" signature="commonAction()[pri:0, instance:org.justanswer.TestJustAnswer@47c62251]" name="commonAction" is-config="true" duration-ms="0" started-at="2020-04-26T17:42:49Z" finished-at="2020-04-26T17:42:49Z">
          <reporter-output>
          </reporter-output>
        </test-method> <!-- commonAction -->
        <test-method status="SKIP" signature="verifyCVVError()[pri:0, instance:org.justanswer.TestJustAnswer@47c62251]" name="verifyCVVError" duration-ms="1" started-at="2020-04-26T17:42:49Z" finished-at="2020-04-26T17:42:49Z">
          <reporter-output>
          </reporter-output>
        </test-method> <!-- verifyCVVError -->
        <test-method status="SKIP" signature="verifyCardError()[pri:0, instance:org.justanswer.TestJustAnswer@47c62251]" name="verifyCardError" duration-ms="0" started-at="2020-04-26T17:42:49Z" finished-at="2020-04-26T17:42:49Z">
          <reporter-output>
          </reporter-output>
        </test-method> <!-- verifyCardError -->
        <test-method status="SKIP" signature="verifyEmailError()[pri:0, instance:org.justanswer.TestJustAnswer@47c62251]" name="verifyEmailError" duration-ms="0" started-at="2020-04-26T17:42:49Z" finished-at="2020-04-26T17:42:49Z">
          <reporter-output>
          </reporter-output>
        </test-method> <!-- verifyEmailError -->
        <test-method status="SKIP" signature="verifyExpiryError()[pri:0, instance:org.justanswer.TestJustAnswer@47c62251]" name="verifyExpiryError" duration-ms="0" started-at="2020-04-26T17:42:49Z" finished-at="2020-04-26T17:42:49Z">
          <reporter-output>
          </reporter-output>
        </test-method> <!-- verifyExpiryError -->
        <test-method status="SKIP" signature="verifyExpiryFormatError()[pri:0, instance:org.justanswer.TestJustAnswer@47c62251]" name="verifyExpiryFormatError" duration-ms="1" started-at="2020-04-26T17:42:49Z" finished-at="2020-04-26T17:42:49Z">
          <reporter-output>
          </reporter-output>
        </test-method> <!-- verifyExpiryFormatError -->
        <test-method status="SKIP" signature="verifyzipError()[pri:0, instance:org.justanswer.TestJustAnswer@47c62251]" name="verifyzipError" duration-ms="1" started-at="2020-04-26T17:42:49Z" finished-at="2020-04-26T17:42:49Z">
          <reporter-output>
          </reporter-output>
        </test-method> <!-- verifyzipError -->
        <test-method status="SKIP" signature="tearDown()[pri:0, instance:org.justanswer.TestJustAnswer@47c62251]" name="tearDown" is-config="true" duration-ms="0" started-at="2020-04-26T17:42:49Z" finished-at="2020-04-26T17:42:49Z">
          <reporter-output>
          </reporter-output>
        </test-method> <!-- tearDown -->
      </class> <!-- org.justanswer.TestJustAnswer -->
    </test> <!-- Surefire test -->
  </suite> <!-- Surefire suite -->
</testng-results>
