<?xml version="1.0" encoding="UTF-8"?>
<testsuite xmlns:xsi="http://www.w3.org/2001/XMLSchema-instance" xsi:noNamespaceSchemaLocation="https://maven.apache.org/surefire/maven-surefire-plugin/xsd/surefire-test-report.xsd" name="TestSuite" time="10.392" tests="12" errors="0" skipped="11" failures="1">
  <properties>
[...]
</properties>
  <testcase name="setup" classname="org.justanswer.TestJustAnswer" time="9.675">
    <failure message="unknown error: cannot determine loading status&#10;from unknown error: cannot determine loading status&#10;from disconnected: received Inspector.detached event&#10;  (Session info: chrome=81.0.4044.122)&#10;Build info: version: &apos;3.8.1&apos;, revision: &apos;6e95a6684b&apos;, time: &apos;2017-12-01T18:33:54.468Z&apos;&#10;System info: host: &apos;LAPTOP-7IJ4EHTF&apos;, ip: &apos;192.168.43.124&apos;, os.name: &apos;Windows 10&apos;, os.arch: &apos;amd64&apos;, os.version: &apos;10.0&apos;, java.version: &apos;1.8.0_202&apos;&#10;Driver info: org.openqa.selenium.chrome.ChromeDriver&#10;Capabilities {acceptInsecureCerts: false, browserName: chrome, browserVersion: 81.0.4044.122, chrome: {chromedriverVersion: 81.0.4044.20 (f006328e39a97..., userDataDir: C:\Users\ril\AppData\Local\...}, goog:chromeOptions: {debuggerAddress: localhost:51464}, javascriptEnabled: true, networkConnectionEnabled: false, pageLoadStrategy: normal, platform: WINDOWS, platformName: WINDOWS, proxy: Proxy(), setWindowRect: true, strictFileInteractability: false, timeouts: {implicit: 0, pageLoad: 300000, script: 30000}, unhandledPromptBehavior: dismiss and notify, webauthn:virtualAuthenticators: true}&#10;Session ID: 1b871547caadae79f2052f13c97bc810" type="org.openqa.selenium.WebDriverException">org.openqa.selenium.WebDriverException: 
unknown error: cannot determine loading status
from unknown error: cannot determine loading status
from disconnected: received Inspector.detached event
  (Session info: chrome=81.0.4044.122)
Build info: version: '3.8.1', revision: '6e95a6684b', time: '2017-12-01T18:33:54.468Z'
System info: host: 'LAPTOP-7IJ4EHTF', ip: '192.168.43.124', os.name: 'Windows 10', os.arch: 'amd64', os.version: '10.0', java.version: '1.8.0_202'
Driver info: org.openqa.selenium.chrome.ChromeDriver
Capabilities {acceptInsecureCerts: false, browserName: chrome, browserVersion: 81.0.4044.122, chrome: {chromedriverVersion: 81.0.4044.20 (f006328e39a97..., userDataDir: C:\Users\ril\AppData\Local\...}, goog:chromeOptions: {debuggerAddress: localhost:51464}, javascriptEnabled: true, networkConnectionEnabled: false, pageLoadStrategy: normal, platform: WINDOWS, platformName: WINDOWS, proxy: Proxy(), setWindowRect: true, strictFileInteractability: false, timeouts: {implicit: 0, pageLoad: 300000, script: 30000}, unhandledPromptBehavior: dismiss and notify, webauthn:virtualAuthenticators: true}
Session ID: 1b871547caadae79f2052f13c97bc810
</failure>
    <system-err><![CDATA[Starting ChromeDriver 81.0.4044.20 (f006328e39a9769596eb506c8841c3004b24e747-refs/branch-heads/4044@{#244}) on port 12255
Only local connections are allowed.
Please protect ports used by ChromeDriver and related test frameworks to prevent access by malicious code.
log4j:WARN No appenders could be found for logger (org.apache.http.client.protocol.RequestAddCookies).
log4j:WARN Please initialize the log4j system properly.
log4j:WARN See http://logging.apache.org/log4j/1.2/faq.html#noconfig for more info.
Apr 26, 2020 5:42:48 PM org.openqa.selenium.remote.ProtocolHandshake createSession
INFO: Detected dialect: W3C
]]></system-err>
  </testcase>
  <testcase name="commonAction" classname="org.justanswer.TestJustAnswer" time="0">
    <skipped/>
  </testcase>
  <testcase name="createDriver" classname="org.justanswer.TestJustAnswer" time="0">
    <skipped/>
  </testcase>
  <testcase name="verifyCVVError" classname="org.justanswer.TestJustAnswer" time="0">
    <skipped/>
  </testcase>
  <testcase name="verifyCardError" classname="org.justanswer.TestJustAnswer" time="0">
    <skipped/>
  </testcase>
  <testcase name="verifyEmailError" classname="org.justanswer.TestJustAnswer" time="0">
    <skipped/>
  </testcase>
  <testcase name="verifyExpiryError" classname="org.justanswer.TestJustAnswer" time="0">
    <skipped/>
  </testcase>
  <testcase name="verifyExpiryFormatError" classname="org.justanswer.TestJustAnswer" time="0">
    <skipped/>
  </testcase>
  <testcase name="verifyzipError" classname="org.justanswer.TestJustAnswer" time="0">
    <skipped/>
  </testcase>
  <testcase name="tearDown" classname="org.justanswer.TestJustAnswer" time="0">
    <skipped/>
  </testcase>
  <testcase name="questionScenario" classname="org.justanswer.TestScenario3" time="0">
    <skipped/>
  </testcase>
  <testcase name="tearDown" classname="org.justanswer.TestScenario3" time="0">
    <skipped/>
  </testcase>
</testsuite>